INFO [2025-05-06 14:32:19] $x
INFO [2025-05-06 14:32:19] list(Set1 = genes_c53s_wt, Set2 = genes_c53s_mock, Set3 = genes_wt_mock)
INFO [2025-05-06 14:32:19] 
INFO [2025-05-06 14:32:19] $filename
INFO [2025-05-06 14:32:19] NULL
INFO [2025-05-06 14:32:19] 
INFO [2025-05-06 14:32:19] $col
INFO [2025-05-06 14:32:19] [1] "black"
INFO [2025-05-06 14:32:19] 
INFO [2025-05-06 14:32:19] $fill
INFO [2025-05-06 14:32:19] c("red", "blue", "green")
INFO [2025-05-06 14:32:19] 
INFO [2025-05-06 14:32:19] $main
INFO [2025-05-06 14:32:19] [1] "DEG among WT, MOCK, and C53S"
INFO [2025-05-06 14:32:19] 
INFO [2025-05-06 14:32:19] $category.names
INFO [2025-05-06 14:32:19] c("C53S vs WT", "C53S vs Mock", "WT vs Mock")
INFO [2025-05-06 14:32:19] 
INFO [2025-05-06 14:32:19] $main.cex
INFO [2025-05-06 14:32:19] [1] 2
INFO [2025-05-06 14:32:19] 
INFO [2025-05-06 14:32:19] $cat.cex
INFO [2025-05-06 14:32:19] [1] 1.2
INFO [2025-05-06 14:32:19] 
INFO [2025-05-06 14:32:19] $cex
INFO [2025-05-06 14:32:19] [1] 1.2
INFO [2025-05-06 14:32:19] 
